<?xml version="1.0" encoding="UTF-8"?>
<!-- Generated by org.testng.reporters.JUnitReportReporter -->
<testsuite hostname="DESKTOP-STMKM98" failures="0" tests="1" name="Demo.Test1" time="0.012" errors="0" timestamp="2023-01-09T18:40:08 IST" skipped="0">
  <testcase classname="Demo.Test1" name="m1" time="0.012"/>
  <system-out>
    <![CDATA[Hello1]]>
  </system-out>
</testsuite> <!-- Demo.Test1 -->
